<?xml version="1.0" encoding="UTF-8"?>
<!-- Generated by org.testng.reporters.JUnitXMLReporter -->
<testsuite ignored="0" hostname="AbinayaVignesh" failures="0" tests="4" name="Test" time="13.637" errors="0" timestamp="2024-09-15T22:58:07 IST">
  <testcase classname="testcases.HomePagetest" name="verify_Samsunggalaxys6" time="0.486"/>
  <testcase classname="testcases.HomePagetest" name="verify_allmenuitems" time="0.885"/>
  <testcase classname="testcases.HomePagetest" name="verify_logo" time="0.052"/>
  <testcase classname="testcases.HomePagetest" name="verify_title" time="0.055"/>
</testsuite> <!-- Test -->
